Arguments: 
  C:\Program Files\nodejs\node.exe C:\Users\DEMARK\AppData\Roaming\npm\node_modules\yarn\bin\yarn.js install

PATH: 
  C:\Users\DEMARK\bin;C:\Program Files\Git\mingw64\bin;C:\Program Files\Git\usr\local\bin;C:\Program Files\Git\usr\bin;C:\Program Files\Git\usr\bin;C:\Program Files\Git\mingw64\bin;C:\Program Files\Git\usr\bin;C:\Users\DEMARK\bin;C:\WINDOWS\system32;C:\WINDOWS;C:\WINDOWS\System32\Wbem;C:\WINDOWS\System32\WindowsPowerShell\v1.0;C:\WINDOWS\System32\OpenSSH;C:\Program Files\IBM\SPSS\Statistics\23\JRE\bin;C:\Program Files\nodejs;C:\Program Files\Git\cmd;C:\Program Files (x86)\Windows Kits\10\Windows Performance Toolkit;C:\Users\DEMARK\AppData\Local\Microsoft\WindowsApps;C:\Users\DEMARK\AppData\Local\GitHubDesktop\bin;C:\Users\DEMARK\AppData\Roaming\npm;C:\Users\DEMARK\AppData\Local\Programs\Microsoft VS Code\bin;C:\Program Files\Git\usr\bin\vendor_perl;C:\Program Files\Git\usr\bin\core_perl

Yarn version: 
  1.22.19

Node version: 
  16.17.0

Platform: 
  win32 x64

Trace: 
  Error: getaddrinfo ENOTFOUND registry.yarnpkg.com
      at GetAddrInfoReqWrap.onlookup [as oncomplete] (node:dns:109:26)

npm manifest: 
  {
    "name": "nextjs-tailwind-capacitor",
    "version": "0.1.0",
    "private": true,
    "engines": {
      "node": ">=12"
    },
    "scripts": {
      "dev": "next dev",
      "build": "next build",
      "start": "next start",
      "export": "next export"
    },
    "dependencies": {
      "@capacitor/android": "^4.0.0",
      "@capacitor/core": "^4.0.0",
      "@capacitor/ios": "^4.0.0",
      "@capacitor/status-bar": "^4.0.0",
      "@ionic/react": "^7.0.1",
      "@ionic/react-router": "^7.0.1",
      "@types/jest": "^26.0.20",
      "@types/node": "^12.19.15",
      "@types/react": "^18.0.17",
      "@types/react-dom": "^18.0.6",
      "@types/react-router": "^5.1.11",
      "@types/react-router-dom": "^5.1.7",
      "classnames": "^2.2.6",
      "next": "^13.2.4",
      "react": "^18.2.0",
      "react-dom": "^18.2.0",
      "react-router": "^5.3.4",
      "react-router-dom": "^5.3.4",
      "react-virtuoso": "^1.1.1"
    },
    "devDependencies": {
      "@capacitor/cli": "^4.0.0",
      "autoprefixer": "^10.4.12",
      "eslint": "^7.28.0",
      "eslint-config-next": "^13.2.4",
      "ionicons": "^6.0.3",
      "postcss": "^8.4.18",
      "prettier": "^2.2.1",
      "pullstate": "1.24",
      "react-use-gesture": "^9.1.3",
      "reselect": "^4.0.0",
      "tailwindcss": "^3.2.0"
    }
  }

yarn manifest: 
  No manifest

Lockfile: 
  No lockfile
